// 重构日志: 5b6f675f
// 重构日志: 063f59a3
// 同步 ID: d5b1deff @ Sat Jul  4 10:54:09 UTC 2026
// 重构日志: 820cbf4c
// 同步 ID: 614b2079 @ Sun Jul  5 11:20:19 UTC 2026
// 重构日志: 1986a617
// 同步 ID: 9c31d52f @ Sun Jul  5 17:14:42 UTC 2026
// 重构日志: 49e75654
// 同步 ID: a567b5a0 @ Mon Jul  6 09:15:35 UTC 2026
// 重构日志: eac77b8b
// 同步 ID: ce6597ad @ Wed Jul  8 04:40:55 UTC 2026
// 重构日志: 152627b5
// 重构日志: f7a0467d
// 同步 ID: f3c60995 @ Wed Jul  8 13:09:37 UTC 2026
// 重构日志: 965f574b
// 重构日志: fd526358
// 重构日志: a77d8b6f
// 重构日志: abd42370
// 重构日志: 7a5de07e
// 同步 ID: 689780d5 @ Sun Jul 12 04:28:45 UTC 2026
// 同步 ID: 1c19f9cf @ Sun Jul 12 09:54:33 UTC 2026
// 同步 ID: c70645e6 @ Mon Jul 13 04:53:59 UTC 2026
// 重构日志: 2fddfa65
// 同步 ID: a58c5a50 @ Mon Jul 13 17:45:28 UTC 2026
// 同步 ID: bb9ad825 @ Tue Jul 14 04:16:26 UTC 2026
// 重构日志: 707d5971
// 同步 ID: 560dbccd @ Tue Jul 14 15:18:54 UTC 2026
// 同步 ID: 78bd36e5 @ Tue Jul 14 17:19:57 UTC 2026
// 同步 ID: 777fde64 @ Wed Jul 15 15:59:52 UTC 2026
// 同步 ID: 84b7d8a6 @ Thu Jul 16 04:36:42 UTC 2026
// 重构日志: 94b7cb5f
